<?xml version="1.0" encoding="UTF-8"?>
<!-- Generated by org.testng.reporters.JUnitReportReporter -->
<testsuite skipped="0" hostname="Sandeeps-MacBook-Air.local" name="com.qa.splashmath.tests.LandingPageTest" tests="8" failures="0" timestamp="05 Nov 2019 16:28:18 GMT" time="1.655" errors="0">
  <testcase name="verifyParentSignUpForFreeButtonPresentTest" time="0.067" classname="com.qa.splashmath.tests.LandingPageTest"/>
  <testcase name="verifyTeacherSignUpForFreeButtonPresentTest" time="0.062" classname="com.qa.splashmath.tests.LandingPageTest"/>
  <testcase name="verifyCaseStudiesLinkPresentTest" time="1.240" classname="com.qa.splashmath.tests.LandingPageTest"/>
  <testcase name="verifyCurriculumLinkPresentTest" time="0.074" classname="com.qa.splashmath.tests.LandingPageTest"/>
  <testcase name="verifySplashmathLogoPresentTest" time="0.055" classname="com.qa.splashmath.tests.LandingPageTest"/>
  <testcase name="verifySignInButtonPresentTest" time="0.093" classname="com.qa.splashmath.tests.LandingPageTest"/>
  <testcase name="verifyLandingPageTitleTest" time="0.008" classname="com.qa.splashmath.tests.LandingPageTest"/>
  <testcase name="verifyFeatureAndPlansLinkPresentTest" time="0.056" classname="com.qa.splashmath.tests.LandingPageTest"/>
</testsuite> <!-- com.qa.splashmath.tests.LandingPageTest -->
