<?xml version="1.0" encoding="UTF-8"?>
<!-- Generated by org.testng.reporters.JUnitReportReporter -->
<testsuite skipped="0" hostname="Sandeeps-MacBook-Air.local" name="com.qa.splashmath.tests.LandingPageTest" tests="8" failures="0" timestamp="2019-11-11T11:31:59 IST" time="0.447" errors="0">
  <testcase name="verifyParentSignUpForFreeButtonPresentTest" time="0.064" classname="com.qa.splashmath.tests.LandingPageTest"/>
  <testcase name="verifySignInButtonPresentTest" time="0.065" classname="com.qa.splashmath.tests.LandingPageTest"/>
  <testcase name="verifyCurriculumLinkPresentTest" time="0.060" classname="com.qa.splashmath.tests.LandingPageTest"/>
  <testcase name="verifyFeatureAndPlansLinkPresentTest" time="0.058" classname="com.qa.splashmath.tests.LandingPageTest"/>
  <testcase name="verifyLandingPageTitleTest" time="0.008" classname="com.qa.splashmath.tests.LandingPageTest"/>
  <testcase name="verifyCaseStudiesLinkPresentTest" time="0.078" classname="com.qa.splashmath.tests.LandingPageTest"/>
  <testcase name="verifySplashmathLogoPresentTest" time="0.047" classname="com.qa.splashmath.tests.LandingPageTest"/>
  <testcase name="verifyTeacherSignUpForFreeButtonPresentTest" time="0.067" classname="com.qa.splashmath.tests.LandingPageTest"/>
</testsuite> <!-- com.qa.splashmath.tests.LandingPageTest -->
