<?xml version="1.0" encoding="UTF-8"?>
<!-- Generated by org.testng.reporters.JUnitReportReporter -->
<testsuite skipped="0" hostname="Sandeeps-MacBook-Air.local" name="com.qa.splashmath.tests.HomeLoginPageTest" tests="4" failures="0" timestamp="2019-11-06T17:37:55 IST" time="51.781" errors="0">
  <testcase name="verifyUserLogin" time="11.430" classname="com.qa.splashmath.tests.HomeLoginPageTest"/>
  <testcase name="verifyUserLogin" time="12.745" classname="com.qa.splashmath.tests.HomeLoginPageTest"/>
  <testcase name="verifyUserLogin" time="14.310" classname="com.qa.splashmath.tests.HomeLoginPageTest"/>
  <testcase name="verifyUserLogin" time="13.296" classname="com.qa.splashmath.tests.HomeLoginPageTest"/>
</testsuite> <!-- com.qa.splashmath.tests.HomeLoginPageTest -->
