<?xml version="1.0" encoding="UTF-8"?>
<!-- Generated by org.testng.reporters.JUnitReportReporter -->
<testsuite skipped="0" hostname="Sandeeps-MacBook-Air.local" name="com.qa.splashmath.tests.ParentSignUpPageTest" tests="9" failures="0" timestamp="07 Nov 2019 09:02:30 GMT" time="0.420" errors="0">
  <testcase name="verifyPasswordFieldTest" time="0.035" classname="com.qa.splashmath.tests.ParentSignUpPageTest"/>
  <testcase name="verifyPrivacyPolicyLinkTest" time="0.054" classname="com.qa.splashmath.tests.ParentSignUpPageTest"/>
  <testcase name="verifySplashmathLogoTest" time="0.038" classname="com.qa.splashmath.tests.ParentSignUpPageTest"/>
  <testcase name="verifyTeachersSignUpLinkTest" time="0.042" classname="com.qa.splashmath.tests.ParentSignUpPageTest"/>
  <testcase name="verifyEmailFieldTest" time="0.087" classname="com.qa.splashmath.tests.ParentSignUpPageTest"/>
  <testcase name="verifyLoginButtonTest" time="0.047" classname="com.qa.splashmath.tests.ParentSignUpPageTest"/>
  <testcase name="verifyTermsOfUseTest" time="0.038" classname="com.qa.splashmath.tests.ParentSignUpPageTest"/>
  <testcase name="verifyGoogleSignUpButtonTest" time="0.046" classname="com.qa.splashmath.tests.ParentSignUpPageTest"/>
  <testcase name="verifyPageHeaderTest" time="0.033" classname="com.qa.splashmath.tests.ParentSignUpPageTest"/>
</testsuite> <!-- com.qa.splashmath.tests.ParentSignUpPageTest -->
