<?xml version="1.0" encoding="UTF-8"?>
<!-- Generated by org.testng.reporters.JUnitReportReporter -->
<testsuite skipped="0" hostname="Sandeeps-MacBook-Air.local" name="com.qa.splashmath.tests.LandingPageTest" tests="8" failures="0" timestamp="07 Nov 2019 08:59:59 GMT" time="1.909" errors="0">
  <testcase name="verifySplashmathLogoPresentTest" time="0.083" classname="com.qa.splashmath.tests.LandingPageTest"/>
  <testcase name="verifyFeatureAndPlansLinkPresentTest" time="0.081" classname="com.qa.splashmath.tests.LandingPageTest"/>
  <testcase name="verifyLandingPageTitleTest" time="0.008" classname="com.qa.splashmath.tests.LandingPageTest"/>
  <testcase name="verifyParentSignUpForFreeButtonPresentTest" time="0.092" classname="com.qa.splashmath.tests.LandingPageTest"/>
  <testcase name="verifySignInButtonPresentTest" time="0.124" classname="com.qa.splashmath.tests.LandingPageTest"/>
  <testcase name="verifyCaseStudiesLinkPresentTest" time="1.349" classname="com.qa.splashmath.tests.LandingPageTest"/>
  <testcase name="verifyTeacherSignUpForFreeButtonPresentTest" time="0.076" classname="com.qa.splashmath.tests.LandingPageTest"/>
  <testcase name="verifyCurriculumLinkPresentTest" time="0.096" classname="com.qa.splashmath.tests.LandingPageTest"/>
</testsuite> <!-- com.qa.splashmath.tests.LandingPageTest -->
