<?xml version="1.0" encoding="UTF-8"?>
<!-- Generated by org.testng.reporters.JUnitReportReporter -->
<testsuite skipped="0" hostname="Sandeeps-MacBook-Air.local" name="com.qa.splashmath.tests.ParentSignUpPageTest" tests="9" failures="0" timestamp="06 Nov 2019 06:14:49 GMT" time="0.459" errors="0">
  <testcase name="verifyPageHeaderTest" time="0.040" classname="com.qa.splashmath.tests.ParentSignUpPageTest"/>
  <testcase name="verifyEmailFieldTest" time="0.075" classname="com.qa.splashmath.tests.ParentSignUpPageTest"/>
  <testcase name="verifySplashmathLogoTest" time="0.074" classname="com.qa.splashmath.tests.ParentSignUpPageTest"/>
  <testcase name="verifyTeachersSignUpLinkTest" time="0.046" classname="com.qa.splashmath.tests.ParentSignUpPageTest"/>
  <testcase name="verifyTermsOfUseTest" time="0.045" classname="com.qa.splashmath.tests.ParentSignUpPageTest"/>
  <testcase name="verifyLoginButtonTest" time="0.039" classname="com.qa.splashmath.tests.ParentSignUpPageTest"/>
  <testcase name="verifyGoogleSignUpButtonTest" time="0.047" classname="com.qa.splashmath.tests.ParentSignUpPageTest"/>
  <testcase name="verifyPrivacyPolicyLinkTest" time="0.058" classname="com.qa.splashmath.tests.ParentSignUpPageTest"/>
  <testcase name="verifyPasswordFieldTest" time="0.035" classname="com.qa.splashmath.tests.ParentSignUpPageTest"/>
</testsuite> <!-- com.qa.splashmath.tests.ParentSignUpPageTest -->
