<?xml version="1.0" encoding="UTF-8"?>
<!-- Generated by org.testng.reporters.JUnitReportReporter -->
<testsuite skipped="0" hostname="Sandeeps-MacBook-Air.local" name="com.qa.splashmath.tests.CaseStudiesPageTest" tests="4" failures="0" timestamp="07 Nov 2019 09:01:56 GMT" time="0.215" errors="0">
  <testcase name="verifyParentTabPresentTest" time="0.090" classname="com.qa.splashmath.tests.CaseStudiesPageTest"/>
  <testcase name="verifyTeacherTabPresentTest" time="0.054" classname="com.qa.splashmath.tests.CaseStudiesPageTest"/>
  <testcase name="verifySplashmathLogoPresentTest" time="0.055" classname="com.qa.splashmath.tests.CaseStudiesPageTest"/>
  <testcase name="verifyPageTitleTest" time="0.016" classname="com.qa.splashmath.tests.CaseStudiesPageTest"/>
</testsuite> <!-- com.qa.splashmath.tests.CaseStudiesPageTest -->
