<?xml version="1.0" encoding="UTF-8"?>
<!-- Generated by org.testng.reporters.JUnitReportReporter -->
<testsuite skipped="0" hostname="Sandeeps-MacBook-Air.local" name="com.qa.splashmath.tests.HomeLoginPageTest" tests="4" failures="0" timestamp="07 Nov 2019 09:01:25 GMT" time="50.978" errors="0">
  <testcase name="verifyUserLogin" time="11.115" classname="com.qa.splashmath.tests.HomeLoginPageTest"/>
  <testcase name="verifyUserLogin" time="15.215" classname="com.qa.splashmath.tests.HomeLoginPageTest"/>
  <testcase name="verifyUserLogin" time="12.782" classname="com.qa.splashmath.tests.HomeLoginPageTest"/>
  <testcase name="verifyUserLogin" time="11.866" classname="com.qa.splashmath.tests.HomeLoginPageTest"/>
</testsuite> <!-- com.qa.splashmath.tests.HomeLoginPageTest -->
