<?xml version="1.0" encoding="UTF-8"?>
<!-- Generated by org.testng.reporters.JUnitReportReporter -->
<testsuite skipped="0" hostname="Sandeeps-MacBook-Air.local" name="com.qa.splashmath.tests.CaseStudiesPageTest" tests="4" failures="0" timestamp="06 Nov 2019 08:30:08 GMT" time="0.161" errors="0">
  <testcase name="verifyPageTitleTest" time="0.014" classname="com.qa.splashmath.tests.CaseStudiesPageTest"/>
  <testcase name="verifyParentTabPresentTest" time="0.065" classname="com.qa.splashmath.tests.CaseStudiesPageTest"/>
  <testcase name="verifySplashmathLogoPresentTest" time="0.040" classname="com.qa.splashmath.tests.CaseStudiesPageTest"/>
  <testcase name="verifyTeacherTabPresentTest" time="0.042" classname="com.qa.splashmath.tests.CaseStudiesPageTest"/>
</testsuite> <!-- com.qa.splashmath.tests.CaseStudiesPageTest -->
