<?xml version="1.0" encoding="UTF-8"?>
<!-- Generated by org.testng.reporters.JUnitReportReporter -->
<testsuite skipped="0" hostname="Sandeeps-MacBook-Air.local" name="com.qa.splashmath.tests.SignInPageTest" tests="6" failures="0" timestamp="05 Nov 2019 14:59:31 GMT" time="0.965" errors="0">
  <testcase name="verifyClassLoginIconTest" time="0.686" classname="com.qa.splashmath.tests.SignInPageTest"/>
  <testcase name="verifySignInPageHeader" time="0.070" classname="com.qa.splashmath.tests.SignInPageTest"/>
  <testcase name="verifySplashmathLogoTest" time="0.036" classname="com.qa.splashmath.tests.SignInPageTest"/>
  <testcase name="verifyCloseSignInPageIconTest" time="0.051" classname="com.qa.splashmath.tests.SignInPageTest"/>
  <testcase name="verifyHomeLoginIconTest" time="0.050" classname="com.qa.splashmath.tests.SignInPageTest"/>
  <testcase name="verifyTeacherParentSignInLinkTest" time="0.072" classname="com.qa.splashmath.tests.SignInPageTest"/>
</testsuite> <!-- com.qa.splashmath.tests.SignInPageTest -->
